<?xml version="1.0" encoding="UTF-8"?>
<testsuite name="agh.ii.prinjava.proj1.impl.DLinkListTest" tests="1" skipped="0" failures="0" errors="0" timestamp="2021-10-22T01:24:32" hostname="HADRIEN" time="0.046">
  <properties/>
  <testcase name="removeFirst()" classname="agh.ii.prinjava.proj1.impl.DLinkListTest" time="0.046"/>
  <system-out><![CDATA[2->3->null
]]></system-out>
  <system-err><![CDATA[]]></system-err>
</testsuite>
