<?xml version="1.0" encoding="UTF-8"?>
<testsuite name="agh.ii.prinjava.proj1.impl.MyQueueDLLBImplTest" tests="1" skipped="0" failures="0" errors="0" timestamp="2021-10-22T07:58:28" hostname="HADRIEN" time="0.041">
  <properties/>
  <testcase name="displayQueue()" classname="agh.ii.prinjava.proj1.impl.MyQueueDLLBImplTest" time="0.041"/>
  <system-out><![CDATA[3->2->1->null
]]></system-out>
  <system-err><![CDATA[]]></system-err>
</testsuite>
